[debug] [2021-11-10T06:12:48.299Z] ----------------------------------------------------------------------
[debug] [2021-11-10T06:12:48.301Z] Command:       C:\Program Files\nodejs\node.exe C:\Users\alexb\AppData\Roaming\npm\node_modules\firebase-tools\lib\bin\firebase.js deploy
[debug] [2021-11-10T06:12:48.301Z] CLI Version:   9.22.0
[debug] [2021-11-10T06:12:48.301Z] Platform:      win32
[debug] [2021-11-10T06:12:48.301Z] Node Version:  v14.16.0
[debug] [2021-11-10T06:12:48.302Z] Time:          Wed Nov 10 2021 01:12:48 GMT-0500 (Eastern Standard Time)
[debug] [2021-11-10T06:12:48.302Z] ----------------------------------------------------------------------
[debug] 
[debug] [2021-11-10T06:12:48.343Z] > command requires scopes: ["email","openid","https://www.googleapis.com/auth/cloudplatformprojects.readonly","https://www.googleapis.com/auth/firebase","https://www.googleapis.com/auth/cloud-platform"]
[debug] [2021-11-10T06:12:48.344Z] > authorizing via signed-in user (alexbarthglobal@gmail.com)
[debug] [2021-11-10T06:12:48.344Z] [iam] checking project tempo-music-player for permissions ["cloudfunctions.functions.create","cloudfunctions.functions.delete","cloudfunctions.functions.get","cloudfunctions.functions.list","cloudfunctions.functions.update","cloudfunctions.operations.get","firebase.projects.get","firebasehosting.sites.update"]
[debug] [2021-11-10T06:12:48.345Z] >>> HTTP REQUEST POST https://cloudresourcemanager.googleapis.com/v1/projects/tempo-music-player:testIamPermissions  
 {"permissions":["cloudfunctions.functions.create","cloudfunctions.functions.delete","cloudfunctions.functions.get","cloudfunctions.functions.list","cloudfunctions.functions.update","cloudfunctions.operations.get","firebase.projects.get","firebasehosting.sites.update"]}
[debug] [2021-11-10T06:12:48.595Z] <<< HTTP RESPONSE 200 {"content-type":"application/json; charset=UTF-8","vary":"X-Origin, Referer, Origin,Accept-Encoding","date":"Wed, 10 Nov 2021 06:12:48 GMT","server":"ESF","cache-control":"private","x-xss-protection":"0","x-frame-options":"SAMEORIGIN","x-content-type-options":"nosniff","server-timing":"gfet4t7; dur=131","alt-svc":"h3=\":443\"; ma=2592000,h3-29=\":443\"; ma=2592000,h3-Q050=\":443\"; ma=2592000,h3-Q046=\":443\"; ma=2592000,h3-Q043=\":443\"; ma=2592000,quic=\":443\"; ma=2592000; v=\"46,43\"","accept-ranges":"none","transfer-encoding":"chunked"}
[debug] [2021-11-10T06:12:48.596Z] >>> HTTP REQUEST POST https://iam.googleapis.com/v1/projects/tempo-music-player/serviceAccounts/tempo-music-player@appspot.gserviceaccount.com:testIamPermissions  
 {"permissions":["iam.serviceAccounts.actAs"]}
[debug] [2021-11-10T06:12:48.787Z] <<< HTTP RESPONSE 200 {"content-type":"application/json; charset=UTF-8","vary":"X-Origin, Referer, Origin,Accept-Encoding","date":"Wed, 10 Nov 2021 06:12:48 GMT","server":"ESF","cache-control":"private","x-xss-protection":"0","x-frame-options":"SAMEORIGIN","x-content-type-options":"nosniff","alt-svc":"h3=\":443\"; ma=2592000,h3-29=\":443\"; ma=2592000,h3-Q050=\":443\"; ma=2592000,h3-Q046=\":443\"; ma=2592000,h3-Q043=\":443\"; ma=2592000,quic=\":443\"; ma=2592000; v=\"46,43\"","accept-ranges":"none","transfer-encoding":"chunked"}
[debug] [2021-11-10T06:12:48.788Z] > refreshing access token with scopes: []
[debug] [2021-11-10T06:12:48.788Z] >>> HTTP REQUEST POST https://www.googleapis.com/oauth2/v3/token  
 <request body omitted>
[debug] [2021-11-10T06:12:48.909Z] <<< HTTP RESPONSE 200 {"pragma":"no-cache","cache-control":"no-cache, no-store, max-age=0, must-revalidate","expires":"Mon, 01 Jan 1990 00:00:00 GMT","date":"Wed, 10 Nov 2021 06:12:48 GMT","content-type":"application/json; charset=utf-8","vary":"X-Origin, Referer, Origin,Accept-Encoding","server":"scaffolding on HTTPServer2","x-xss-protection":"0","x-frame-options":"SAMEORIGIN","x-content-type-options":"nosniff","alt-svc":"h3=\":443\"; ma=2592000,h3-29=\":443\"; ma=2592000,h3-Q050=\":443\"; ma=2592000,h3-Q046=\":443\"; ma=2592000,h3-Q043=\":443\"; ma=2592000,quic=\":443\"; ma=2592000; v=\"46,43\"","accept-ranges":"none","transfer-encoding":"chunked"}
[debug] [2021-11-10T06:12:48.916Z] >>> [apiv2][query] GET https://firebase.googleapis.com/v1beta1/projects/tempo-music-player [none]
[debug] [2021-11-10T06:12:49.278Z] <<< [apiv2][status] GET https://firebase.googleapis.com/v1beta1/projects/tempo-music-player 200
[debug] [2021-11-10T06:12:49.278Z] <<< [apiv2][body] GET https://firebase.googleapis.com/v1beta1/projects/tempo-music-player {"projectId":"tempo-music-player","projectNumber":"913320939166","displayName":"Tempo Music Player","name":"projects/tempo-music-player","resources":{"hostingSite":"tempo-music-player"},"state":"ACTIVE"}
[info] 
[info] === Deploying to 'tempo-music-player'...
[info] 
[info] i  deploying functions, hosting 
